[2026-02-15T14:16:04Z INFO  tao_play] tao-play: 打开 https://samples.ffmpeg.org/A-codecs/22khz.avi
[2026-02-15T14:16:04Z INFO  tao_play::player] 正在打开: https://samples.ffmpeg.org/A-codecs/22khz.avi
[2026-02-15T14:16:04Z INFO  tao_format::io] 正在连接: https://samples.ffmpeg.org/A-codecs/22khz.avi
[2026-02-15T14:16:04Z DEBUG ureq_proto::client] Call<Prepare>
[2026-02-15T14:16:04Z DEBUG ureq::run] GET https://samples.ffmpeg.org/******
[2026-02-15T14:16:04Z DEBUG ureq::unversioned::resolver] Resolved: ArrayVec { len: 1, arr: [79.124.17.100:443] }
[2026-02-15T14:16:04Z DEBUG ureq::unversioned::transport::tcp] Connected TcpStream to 79.124.17.100:443
[2026-02-15T14:16:04Z DEBUG rustls::client::hs] No cached session for DnsName("samples.ffmpeg.org")
[2026-02-15T14:16:04Z DEBUG rustls::client::hs] Not resuming any session
[2026-02-15T14:16:04Z DEBUG ureq::tls::rustls] Wrapped TLS
[2026-02-15T14:16:04Z DEBUG ureq_proto::client] Call<SendRequest>
[2026-02-15T14:16:04Z DEBUG ureq::run] Request { method: GET, uri: https://samples.ffmpeg.org/******, version: HTTP/1.1, headers: {"accept-encoding": "gzip", "user-agent": "ureq/3.2.0", "accept": "*/*", "host": "samples.ffmpeg.org"} }
[2026-02-15T14:16:05Z DEBUG rustls::client::hs] Using ciphersuite TLS13_AES_256_GCM_SHA384
[2026-02-15T14:16:05Z DEBUG rustls::client::tls13] Not resuming
[2026-02-15T14:16:05Z DEBUG rustls::client::tls13] TLS1.3 encrypted extensions: ServerExtensions { server_name_ack: (), unknown_extensions: {}, .. }
[2026-02-15T14:16:05Z DEBUG rustls::client::hs] ALPN protocol is None
[2026-02-15T14:16:05Z DEBUG ureq_proto::client] Call<RecvResponse>
[2026-02-15T14:16:05Z DEBUG ureq_proto::client] Call<RecvBody>
[2026-02-15T14:16:05Z DEBUG ureq::run] Response { status: 200, version: HTTP/1.1, headers: {"date": "Sun, 15 Feb 2026 14:16:05 GMT", "server": "Apache", "content-length": "928168", "content-type": "video/x-msvideo", "<NOTICE>": "4 HEADERS ARE REDACTED"} }
[2026-02-15T14:16:05Z INFO  tao_format::io] HTTP 连接成功, 内容大小: 928168 字节 (0.89 MB)
[2026-02-15T14:16:05Z DEBUG tao_format::demuxers::avi] 检测到 RIFF/AVI 文件
[2026-02-15T14:16:05Z DEBUG tao_format::demuxers::avi] 开始解析 hdrl, list_size=292
[2026-02-15T14:16:05Z DEBUG tao_format::demuxers::avi] hdrl 中的块: "avih", size=56, is_list=false
[2026-02-15T14:16:05Z DEBUG tao_format::demuxers::avi] avih 解析完成
[2026-02-15T14:16:05Z DEBUG tao_format::demuxers::avi] hdrl 中的块: "strl", size=112, is_list=true
[2026-02-15T14:16:05Z DEBUG tao_format::demuxers::avi] 进入 strl 块处理, chunk_size=112
[2026-02-15T14:16:05Z DEBUG tao_format::demuxers::avi] strl 中的子块: "strh", size=56, is_list=false
[2026-02-15T14:16:05Z DEBUG tao_format::demuxers::avi] strh: type="vids", handler="\0\0\0\0", scale=10000, rate=162000
[2026-02-15T14:16:05Z DEBUG tao_format::demuxers::avi] 视频流 codec_id: RawVideo
[2026-02-15T14:16:05Z DEBUG tao_format::demuxers::avi] strl 中的子块: "strf", size=40, is_list=false
[2026-02-15T14:16:05Z DEBUG tao_format::demuxers::avi] hdrl 中的块: "strl", size=92, is_list=true
[2026-02-15T14:16:05Z DEBUG tao_format::demuxers::avi] 进入 strl 块处理, chunk_size=92
[2026-02-15T14:16:05Z DEBUG tao_format::demuxers::avi] strl 中的子块: "strh", size=56, is_list=false
[2026-02-15T14:16:05Z DEBUG tao_format::demuxers::avi] strh: type="auds", handler="\0\0\0\0", scale=2, rate=44100
[2026-02-15T14:16:05Z DEBUG tao_format::demuxers::avi] strl 中的子块: "strf", size=20, is_list=false
[2026-02-15T14:16:06Z DEBUG ureq_proto::client] Call<Cleanup>
[2026-02-15T14:16:06Z DEBUG ureq::pool] Pool gone: PoolKey { scheme: "https", authority: samples.ffmpeg.org, proxy: None }
[2026-02-15T14:16:06Z INFO  tao_format::io] HTTP 下载完成, 共 928168 字节
[2026-02-15T14:16:06Z DEBUG tao_format::demuxers::avi] AVI 打开完成: 2 个流, movi 起始=2060
[2026-02-15T14:16:06Z INFO  tao_play::player] 发现 2 条流
[2026-02-15T14:16:06Z INFO  tao_play::player] 音频流 #1: pcm_u8 (Audio(AudioStreamParams { sample_rate: 22050, channel_layout: ChannelLayout { channels: 2, mask: ChannelMask(FRONT_LEFT | FRONT_RIGHT) }, sample_format: U8, bit_rate: 0, frame_size: 2 }))
[2026-02-15T14:16:06Z INFO  tao_play::player] 视频流 #0: mpeg4 (Video(VideoStreamParams { width: 640, height: 480, pixel_format: Yuv420p, frame_rate: Rational { num: 162000, den: 10000 }, sample_aspect_ratio: Rational { num: 1, den: 1 }, bit_rate: 0 }))
[2026-02-15T14:16:06Z DEBUG tao_codec::decoders::pcm] 打开 pcm_u8 解码器: 22050 Hz, 2 声道, 输出格式=u8
[2026-02-15T14:16:06Z DEBUG tao_codec::decoders::mpeg4] 打开 MPEG4 解码器: 640x480, 格式=yuv420p
[2026-02-15T14:16:06Z INFO  tao_play::audio] 音频设备: "default"
[2026-02-15T14:16:06Z DEBUG tao_play::audio] 音频输出已启动: 输入 22050Hz/2ch, 设备 22050Hz/2ch
Failed to create server-side surface decoration: Missing
[2026-02-15T14:16:06Z DEBUG tao_play::video] 视频窗口已创建: 640x480
[2026-02-15T14:16:06Z INFO  tao_play::player] 开始播放...
[2026-02-15T14:16:06Z DEBUG tao_play::player] 收到音频帧: 11025 样本, 格式: U8
[2026-02-15T14:16:06Z DEBUG tao_play::player] 发送音频数据: 22050 样本, PTS: 0
[2026-02-15T14:16:06Z DEBUG tao_play::player] 音频数据发送成功
[2026-02-15T14:16:06Z DEBUG tao_codec::decoders::mpeg4] 找到 VOL 起始码: 0x20
[2026-02-15T14:16:06Z DEBUG tao_codec::decoders::mpeg4] VOL 解析完成: time_resolution=8704
[2026-02-15T14:16:06Z DEBUG tao_codec::decoders::mpeg4] 解析 VOP 头部, 数据大小: 3350 字节
[2026-02-15T14:16:06Z DEBUG tao_codec::decoders::mpeg4] 数据前 8 字节: 00 00 01 00 00 00 01 20
[2026-02-15T14:16:06Z DEBUG tao_codec::decoders::mpeg4] 找到起始码: 0x00
[2026-02-15T14:16:06Z DEBUG tao_codec::decoders::mpeg4] 找到起始码: 0x20
[2026-02-15T14:16:06Z DEBUG tao_codec::decoders::mpeg4] 找到起始码: 0xB2
[2026-02-15T14:16:06Z DEBUG tao_codec::decoders::mpeg4] 找到起始码: 0xB6
[2026-02-15T14:16:06Z DEBUG tao_codec::decoders::mpeg4] 找到 VOP 起始码
[2026-02-15T14:16:06Z DEBUG tao_codec::decoders::mpeg4] VOP 类型: I (编码值 0)
[2026-02-15T14:16:06Z DEBUG tao_codec::decoders::mpeg4] 量化参数: 24
[2026-02-15T14:16:06Z DEBUG tao_codec::decoders::mpeg4] 开始解码 I 帧: 640x480 (40x30 宏块)
[2026-02-15T14:16:06Z DEBUG tao_codec::decoders::mpeg4] I 帧解码完成: 40x30 个宏块
[2026-02-15T14:16:06Z DEBUG tao_play::player] 收到音频帧: 11025 样本, 格式: U8
[2026-02-15T14:16:06Z DEBUG tao_play::player] 发送音频数据: 22050 样本, PTS: 45
[2026-02-15T14:16:06Z DEBUG tao_play::player] 音频数据发送成功
[2026-02-15T14:16:06Z DEBUG tao_codec::decoders::mpeg4] 解析 VOP 头部, 数据大小: 194 字节
[2026-02-15T14:16:06Z DEBUG tao_codec::decoders::mpeg4] 数据前 8 字节: 00 00 01 B6 50 BC 0C FF
[2026-02-15T14:16:06Z DEBUG tao_codec::decoders::mpeg4] 找到起始码: 0xB6
[2026-02-15T14:16:06Z DEBUG tao_codec::decoders::mpeg4] 找到 VOP 起始码
[2026-02-15T14:16:06Z DEBUG tao_codec::decoders::mpeg4] VOP 类型: P (编码值 1)
[2026-02-15T14:16:06Z DEBUG tao_codec::decoders::mpeg4] 量化参数: 25
[2026-02-15T14:16:06Z DEBUG tao_codec::decoders::mpeg4] 开始解码 P 帧: 640x480 (40x30 宏块)
[2026-02-15T14:16:06Z DEBUG tao_codec::decoders::mpeg4] P 帧解码完成: 40x30 个宏块
[2026-02-15T14:16:06Z DEBUG tao_codec::decoders::mpeg4] 解析 VOP 头部, 数据大小: 579 字节
[2026-02-15T14:16:06Z DEBUG tao_codec::decoders::mpeg4] 数据前 8 字节: 00 00 01 B6 51 58 0C FF
[2026-02-15T14:16:06Z DEBUG tao_codec::decoders::mpeg4] 找到起始码: 0xB6
[2026-02-15T14:16:06Z DEBUG tao_codec::decoders::mpeg4] 找到 VOP 起始码
[2026-02-15T14:16:06Z DEBUG tao_codec::decoders::mpeg4] VOP 类型: P (编码值 1)
[2026-02-15T14:16:06Z DEBUG tao_codec::decoders::mpeg4] 量化参数: 25
[2026-02-15T14:16:06Z DEBUG tao_codec::decoders::mpeg4] 开始解码 P 帧: 640x480 (40x30 宏块)
[2026-02-15T14:16:06Z DEBUG tao_codec::decoders::mpeg4] P 帧解码完成: 40x30 个宏块
[2026-02-15T14:16:06Z DEBUG tao_codec::decoders::mpeg4] 解析 VOP 头部, 数据大小: 803 字节
[2026-02-15T14:16:06Z DEBUG tao_codec::decoders::mpeg4] 数据前 8 字节: 00 00 01 B6 51 FC 0D 7F
[2026-02-15T14:16:06Z DEBUG tao_codec::decoders::mpeg4] 找到起始码: 0xB6
[2026-02-15T14:16:06Z DEBUG tao_codec::decoders::mpeg4] 找到 VOP 起始码
[2026-02-15T14:16:06Z DEBUG tao_codec::decoders::mpeg4] VOP 类型: P (编码值 1)
[2026-02-15T14:16:06Z DEBUG tao_codec::decoders::mpeg4] 量化参数: 26
[2026-02-15T14:16:06Z DEBUG tao_codec::decoders::mpeg4] 开始解码 P 帧: 640x480 (40x30 宏块)
[2026-02-15T14:16:06Z DEBUG tao_codec::decoders::mpeg4] P 帧解码完成: 40x30 个宏块
[2026-02-15T14:16:06Z DEBUG tao_codec::decoders::mpeg4] 解析 VOP 头部, 数据大小: 884 字节
[2026-02-15T14:16:06Z DEBUG tao_codec::decoders::mpeg4] 数据前 8 字节: 00 00 01 B6 52 98 0D 7F
[2026-02-15T14:16:06Z DEBUG tao_codec::decoders::mpeg4] 找到起始码: 0xB6
[2026-02-15T14:16:06Z DEBUG tao_codec::decoders::mpeg4] 找到 VOP 起始码
[2026-02-15T14:16:06Z DEBUG tao_codec::decoders::mpeg4] VOP 类型: P (编码值 1)
[2026-02-15T14:16:06Z DEBUG tao_codec::decoders::mpeg4] 量化参数: 26
[2026-02-15T14:16:06Z DEBUG tao_codec::decoders::mpeg4] 开始解码 P 帧: 640x480 (40x30 宏块)
[2026-02-15T14:16:06Z DEBUG tao_codec::decoders::mpeg4] P 帧解码完成: 40x30 个宏块
[2026-02-15T14:16:06Z DEBUG tao_codec::decoders::mpeg4] 解析 VOP 头部, 数据大小: 1037 字节
[2026-02-15T14:16:06Z DEBUG tao_codec::decoders::mpeg4] 数据前 8 字节: 00 00 01 B6 53 3C 0D 7F
[2026-02-15T14:16:06Z DEBUG tao_codec::decoders::mpeg4] 找到起始码: 0xB6
[2026-02-15T14:16:06Z DEBUG tao_codec::decoders::mpeg4] 找到 VOP 起始码
[2026-02-15T14:16:06Z DEBUG tao_codec::decoders::mpeg4] VOP 类型: P (编码值 1)
[2026-02-15T14:16:06Z DEBUG tao_codec::decoders::mpeg4] 量化参数: 26
[2026-02-15T14:16:06Z DEBUG tao_codec::decoders::mpeg4] 开始解码 P 帧: 640x480 (40x30 宏块)
[2026-02-15T14:16:06Z DEBUG tao_codec::decoders::mpeg4] P 帧解码完成: 40x30 个宏块
[2026-02-15T14:16:06Z DEBUG tao_codec::decoders::mpeg4] 解析 VOP 头部, 数据大小: 1146 字节
[2026-02-15T14:16:06Z DEBUG tao_codec::decoders::mpeg4] 数据前 8 字节: 00 00 01 B6 53 D8 0D 7F
[2026-02-15T14:16:06Z DEBUG tao_codec::decoders::mpeg4] 找到起始码: 0xB6
[2026-02-15T14:16:06Z DEBUG tao_codec::decoders::mpeg4] 找到 VOP 起始码
[2026-02-15T14:16:06Z DEBUG tao_codec::decoders::mpeg4] VOP 类型: P (编码值 1)
[2026-02-15T14:16:06Z DEBUG tao_codec::decoders::mpeg4] 量化参数: 26
[2026-02-15T14:16:06Z DEBUG tao_codec::decoders::mpeg4] 开始解码 P 帧: 640x480 (40x30 宏块)
[2026-02-15T14:16:06Z DEBUG tao_codec::decoders::mpeg4] P 帧解码完成: 40x30 个宏块
[2026-02-15T14:16:06Z DEBUG tao_codec::decoders::mpeg4] 解析 VOP 头部, 数据大小: 1310 字节
[2026-02-15T14:16:06Z DEBUG tao_codec::decoders::mpeg4] 数据前 8 字节: 00 00 01 B6 54 7C 0D 7F
[2026-02-15T14:16:06Z DEBUG tao_codec::decoders::mpeg4] 找到起始码: 0xB6
[2026-02-15T14:16:06Z DEBUG tao_codec::decoders::mpeg4] 找到 VOP 起始码
[2026-02-15T14:16:06Z DEBUG tao_codec::decoders::mpeg4] VOP 类型: P (编码值 1)
[2026-02-15T14:16:06Z DEBUG tao_codec::decoders::mpeg4] 量化参数: 26
[2026-02-15T14:16:06Z DEBUG tao_codec::decoders::mpeg4] 开始解码 P 帧: 640x480 (40x30 宏块)
[2026-02-15T14:16:06Z DEBUG tao_codec::decoders::mpeg4] P 帧解码完成: 40x30 个宏块
[2026-02-15T14:16:07Z DEBUG tao_codec::decoders::mpeg4] 解析 VOP 头部, 数据大小: 1323 字节
[2026-02-15T14:16:07Z DEBUG tao_codec::decoders::mpeg4] 数据前 8 字节: 00 00 01 B6 55 18 0D 7F
[2026-02-15T14:16:07Z DEBUG tao_codec::decoders::mpeg4] 找到起始码: 0xB6
[2026-02-15T14:16:07Z DEBUG tao_codec::decoders::mpeg4] 找到 VOP 起始码
[2026-02-15T14:16:07Z DEBUG tao_codec::decoders::mpeg4] VOP 类型: P (编码值 1)
[2026-02-15T14:16:07Z DEBUG tao_codec::decoders::mpeg4] 量化参数: 26
[2026-02-15T14:16:07Z DEBUG tao_codec::decoders::mpeg4] 开始解码 P 帧: 640x480 (40x30 宏块)
[2026-02-15T14:16:07Z DEBUG tao_codec::decoders::mpeg4] P 帧解码完成: 40x30 个宏块
[2026-02-15T14:16:07Z DEBUG tao_play::player] 收到音频帧: 11025 样本, 格式: U8
[2026-02-15T14:16:07Z DEBUG tao_play::player] 发送音频数据: 22050 样本, PTS: 90
[2026-02-15T14:16:07Z DEBUG tao_play::player] 音频数据发送成功
[2026-02-15T14:16:07Z DEBUG tao_codec::decoders::mpeg4] 解析 VOP 头部, 数据大小: 1201 字节
[2026-02-15T14:16:07Z DEBUG tao_codec::decoders::mpeg4] 数据前 8 字节: 00 00 01 B6 55 BC 0D 7F
[2026-02-15T14:16:07Z DEBUG tao_codec::decoders::mpeg4] 找到起始码: 0xB6
[2026-02-15T14:16:07Z DEBUG tao_codec::decoders::mpeg4] 找到 VOP 起始码
[2026-02-15T14:16:07Z DEBUG tao_codec::decoders::mpeg4] VOP 类型: P (编码值 1)
[2026-02-15T14:16:07Z DEBUG tao_codec::decoders::mpeg4] 量化参数: 26
[2026-02-15T14:16:07Z DEBUG tao_codec::decoders::mpeg4] 开始解码 P 帧: 640x480 (40x30 宏块)
[2026-02-15T14:16:07Z DEBUG tao_codec::decoders::mpeg4] P 帧解码完成: 40x30 个宏块
[2026-02-15T14:16:07Z DEBUG tao_codec::decoders::mpeg4] 解析 VOP 头部, 数据大小: 1047 字节
[2026-02-15T14:16:07Z DEBUG tao_codec::decoders::mpeg4] 数据前 8 字节: 00 00 01 B6 56 58 0D 7F
[2026-02-15T14:16:07Z DEBUG tao_codec::decoders::mpeg4] 找到起始码: 0xB6
[2026-02-15T14:16:07Z DEBUG tao_codec::decoders::mpeg4] 找到 VOP 起始码
[2026-02-15T14:16:07Z DEBUG tao_codec::decoders::mpeg4] VOP 类型: P (编码值 1)
[2026-02-15T14:16:07Z DEBUG tao_codec::decoders::mpeg4] 量化参数: 26
[2026-02-15T14:16:07Z DEBUG tao_codec::decoders::mpeg4] 开始解码 P 帧: 640x480 (40x30 宏块)
[2026-02-15T14:16:07Z DEBUG tao_codec::decoders::mpeg4] P 帧解码完成: 40x30 个宏块
[2026-02-15T14:16:07Z DEBUG tao_codec::decoders::mpeg4] 解析 VOP 头部, 数据大小: 1167 字节
[2026-02-15T14:16:07Z DEBUG tao_codec::decoders::mpeg4] 数据前 8 字节: 00 00 01 B6 56 FC 0D 7F
[2026-02-15T14:16:07Z DEBUG tao_codec::decoders::mpeg4] 找到起始码: 0xB6
[2026-02-15T14:16:07Z DEBUG tao_codec::decoders::mpeg4] 找到 VOP 起始码
[2026-02-15T14:16:07Z DEBUG tao_codec::decoders::mpeg4] VOP 类型: P (编码值 1)
[2026-02-15T14:16:07Z DEBUG tao_codec::decoders::mpeg4] 量化参数: 26
[2026-02-15T14:16:07Z DEBUG tao_codec::decoders::mpeg4] 开始解码 P 帧: 640x480 (40x30 宏块)
[2026-02-15T14:16:07Z DEBUG tao_codec::decoders::mpeg4] P 帧解码完成: 40x30 个宏块
[2026-02-15T14:16:07Z DEBUG tao_codec::decoders::mpeg4] 解析 VOP 头部, 数据大小: 1009 字节
[2026-02-15T14:16:07Z DEBUG tao_codec::decoders::mpeg4] 数据前 8 字节: 00 00 01 B6 57 98 0D 7F
[2026-02-15T14:16:07Z DEBUG tao_codec::decoders::mpeg4] 找到起始码: 0xB6
[2026-02-15T14:16:07Z DEBUG tao_codec::decoders::mpeg4] 找到 VOP 起始码
[2026-02-15T14:16:07Z DEBUG tao_codec::decoders::mpeg4] VOP 类型: P (编码值 1)
[2026-02-15T14:16:07Z DEBUG tao_codec::decoders::mpeg4] 量化参数: 26
[2026-02-15T14:16:07Z DEBUG tao_codec::decoders::mpeg4] 开始解码 P 帧: 640x480 (40x30 宏块)
[2026-02-15T14:16:07Z DEBUG tao_codec::decoders::mpeg4] P 帧解码完成: 40x30 个宏块
[2026-02-15T14:16:07Z DEBUG tao_codec::decoders::mpeg4] 收到刷新信号
[2026-02-15T14:16:07Z DEBUG tao_codec::decoders::mpeg4] 解析 VOP 头部, 数据大小: 870 字节
[2026-02-15T14:16:07Z DEBUG tao_codec::decoders::mpeg4] 数据前 8 字节: 00 00 01 B6 58 3C 0D 7F
[2026-02-15T14:16:07Z DEBUG tao_codec::decoders::mpeg4] 找到起始码: 0xB6
[2026-02-15T14:16:07Z DEBUG tao_codec::decoders::mpeg4] 找到 VOP 起始码
[2026-02-15T14:16:07Z DEBUG tao_codec::decoders::mpeg4] VOP 类型: P (编码值 1)
[2026-02-15T14:16:07Z DEBUG tao_codec::decoders::mpeg4] 量化参数: 26
[2026-02-15T14:16:07Z DEBUG tao_codec::decoders::mpeg4] 开始解码 P 帧: 640x480 (40x30 宏块)
[2026-02-15T14:16:07Z DEBUG tao_codec::decoders::mpeg4] P 帧解码完成: 40x30 个宏块
[2026-02-15T14:16:07Z DEBUG tao_codec::decoders::mpeg4] 解析 VOP 头部, 数据大小: 746 字节
[2026-02-15T14:16:07Z DEBUG tao_codec::decoders::mpeg4] 数据前 8 字节: 00 00 01 B6 58 D8 0C FF
[2026-02-15T14:16:07Z DEBUG tao_codec::decoders::mpeg4] 找到起始码: 0xB6
[2026-02-15T14:16:07Z DEBUG tao_codec::decoders::mpeg4] 找到 VOP 起始码
[2026-02-15T14:16:07Z DEBUG tao_codec::decoders::mpeg4] VOP 类型: P (编码值 1)
[2026-02-15T14:16:07Z DEBUG tao_codec::decoders::mpeg4] 量化参数: 25
[2026-02-15T14:16:07Z DEBUG tao_codec::decoders::mpeg4] 开始解码 P 帧: 640x480 (40x30 宏块)
[2026-02-15T14:16:07Z DEBUG tao_codec::decoders::mpeg4] P 帧解码完成: 40x30 个宏块
[2026-02-15T14:16:07Z DEBUG tao_codec::decoders::mpeg4] 解析 VOP 头部, 数据大小: 781 字节
[2026-02-15T14:16:07Z DEBUG tao_codec::decoders::mpeg4] 数据前 8 字节: 00 00 01 B6 59 7C 0C FF
[2026-02-15T14:16:07Z DEBUG tao_codec::decoders::mpeg4] 找到起始码: 0xB6
[2026-02-15T14:16:07Z DEBUG tao_codec::decoders::mpeg4] 找到 VOP 起始码
[2026-02-15T14:16:07Z DEBUG tao_codec::decoders::mpeg4] VOP 类型: P (编码值 1)
[2026-02-15T14:16:07Z DEBUG tao_codec::decoders::mpeg4] 量化参数: 25
[2026-02-15T14:16:07Z DEBUG tao_codec::decoders::mpeg4] 开始解码 P 帧: 640x480 (40x30 宏块)
[2026-02-15T14:16:07Z DEBUG tao_codec::decoders::mpeg4] P 帧解码完成: 40x30 个宏块
[2026-02-15T14:16:07Z DEBUG tao_play::player] 收到音频帧: 11025 样本, 格式: U8
[2026-02-15T14:16:07Z DEBUG tao_play::player] 发送音频数据: 22050 样本, PTS: 136
[2026-02-15T14:16:07Z DEBUG tao_play::player] 音频数据发送成功
[2026-02-15T14:16:07Z DEBUG tao_codec::decoders::mpeg4] 解析 VOP 头部, 数据大小: 629 字节
[2026-02-15T14:16:07Z DEBUG tao_codec::decoders::mpeg4] 数据前 8 字节: 00 00 01 B6 5A 18 0C FF
[2026-02-15T14:16:07Z DEBUG tao_codec::decoders::mpeg4] 找到起始码: 0xB6
[2026-02-15T14:16:07Z DEBUG tao_codec::decoders::mpeg4] 找到 VOP 起始码
[2026-02-15T14:16:07Z DEBUG tao_codec::decoders::mpeg4] VOP 类型: P (编码值 1)
[2026-02-15T14:16:07Z DEBUG tao_codec::decoders::mpeg4] 量化参数: 25
[2026-02-15T14:16:07Z DEBUG tao_codec::decoders::mpeg4] 开始解码 P 帧: 640x480 (40x30 宏块)
